<?xml version="1.0" encoding="UTF-8"?>
<!-- Generated by org.testng.reporters.JUnitReportReporter -->
<testsuite hostname="DESKTOP-CAKD8RJ" failures="0" tests="1" name="test.Sitetest" time="87.663" errors="0" timestamp="2023-06-26T12:20:39 IST" skipped="0">
  <testcase classname="test.Sitetest" name="test" time="87.663"/>
  <system-out/>
</testsuite> <!-- test.Sitetest -->
